<?xml version="1.0" encoding="UTF-8"?>
<testsuite name="User should be able to a monkey test on UI" tests="1" skipped="0" failures="0" errors="0" timestamp="2020-10-08T21:04:13" hostname="MUSAB" time="24.874">
  <properties/>
  <testcase name="Go several locations and confirm that everything is up and running" classname="User should be able to a monkey test on UI" time="24.874"/>
  <system-out><![CDATA[2 results filtered by
Sort by
Popularity
]]></system-out>
  <system-err><![CDATA[SLF4J: Failed to load class "org.slf4j.impl.StaticLoggerBinder".
SLF4J: Defaulting to no-operation (NOP) logger implementation
SLF4J: See http://www.slf4j.org/codes.html#StaticLoggerBinder for further details.
Starting ChromeDriver 85.0.4183.87 (cd6713ebf92fa1cacc0f1a598df280093af0c5d7-refs/branch-heads/4183@{#1689}) on port 5689
Only local connections are allowed.
Please see https://chromedriver.chromium.org/security-considerations for suggestions on keeping ChromeDriver safe.
ChromeDriver was started successfully.
Oct 08, 2020 11:04:18 PM org.openqa.selenium.remote.ProtocolHandshake createSession
INFO: Detected dialect: W3C
]]></system-err>
</testsuite>
