<?xml version="1.0" encoding="UTF-8"?>
<testsuite name="com.Runner.Runner" tests="0" skipped="0" failures="0" errors="0" timestamp="1970-01-01T00:00:00" hostname="MUSAB" time="0.0">
  <properties/>
  <system-out><![CDATA[
1 Scenarios (?[32m1 passed?[0m)
6 Steps (?[32m6 passed?[0m)
0m24.877s


]]></system-out>
  <system-err><![CDATA[Oct 08, 2020 11:04:13 PM io.cucumber.junit.Cucumber <init>
WARNING: By default Cucumber is running in --non-strict mode.
This default will change to --strict and --non-strict will be removed.
You can use --strict or @CucumberOptions(strict = true) to suppress this warning
]]></system-err>
</testsuite>
